<?xml version="1.0" encoding="UTF-8"?>
<!-- Generated by org.testng.reporters.JUnitReportReporter -->
<testsuite hostname="Pranshu-PC" name="com.synechron.mktx.testscripts.TC001_testLogin" tests="1" failures="0" timestamp="18 Feb 2018 19:38:20 GMT" time="7.447" errors="0">
  <testcase name="testLogin" time="7.447" classname="com.synechron.mktx.testscripts.TC001_testLogin"/>
</testsuite> <!-- com.synechron.mktx.testscripts.TC001_testLogin -->
